Warning[205] C:\USERS\CHARB\ONEDRIVE\DESKTOP\USEK\4-FOURTH YEAR (2024-2025)\SPRING SEMESTRE\GEL558 - MICROCONTROLLER\KEYPAD PROJECT\KEYPAD.1.1.ASM 3 : Found directive in column 1. (__config)
Warning[205] C:\USERS\CHARB\ONEDRIVE\DESKTOP\USEK\4-FOURTH YEAR (2024-2025)\SPRING SEMESTRE\GEL558 - MICROCONTROLLER\KEYPAD PROJECT\KEYPAD.1.1.ASM 22 : Found directive in column 1. (org)
Warning[205] C:\USERS\CHARB\ONEDRIVE\DESKTOP\USEK\4-FOURTH YEAR (2024-2025)\SPRING SEMESTRE\GEL558 - MICROCONTROLLER\KEYPAD PROJECT\KEYPAD.1.1.ASM 24 : Found directive in column 1. (org)
Message[305] C:\USERS\CHARB\ONEDRIVE\DESKTOP\USEK\4-FOURTH YEAR (2024-2025)\SPRING SEMESTRE\GEL558 - MICROCONTROLLER\KEYPAD PROJECT\KEYPAD.1.1.ASM 33 : Using default destination of 1 (file).
Message[305] C:\USERS\CHARB\ONEDRIVE\DESKTOP\USEK\4-FOURTH YEAR (2024-2025)\SPRING SEMESTRE\GEL558 - MICROCONTROLLER\KEYPAD PROJECT\KEYPAD.1.1.ASM 37 : Using default destination of 1 (file).
Message[305] C:\USERS\CHARB\ONEDRIVE\DESKTOP\USEK\4-FOURTH YEAR (2024-2025)\SPRING SEMESTRE\GEL558 - MICROCONTROLLER\KEYPAD PROJECT\KEYPAD.1.1.ASM 83 : Using default destination of 1 (file).
Message[305] C:\USERS\CHARB\ONEDRIVE\DESKTOP\USEK\4-FOURTH YEAR (2024-2025)\SPRING SEMESTRE\GEL558 - MICROCONTROLLER\KEYPAD PROJECT\KEYPAD.1.1.ASM 107 : Using default destination of 1 (file).
Message[305] C:\USERS\CHARB\ONEDRIVE\DESKTOP\USEK\4-FOURTH YEAR (2024-2025)\SPRING SEMESTRE\GEL558 - MICROCONTROLLER\KEYPAD PROJECT\KEYPAD.1.1.ASM 164 : Using default destination of 1 (file).
Message[305] C:\USERS\CHARB\ONEDRIVE\DESKTOP\USEK\4-FOURTH YEAR (2024-2025)\SPRING SEMESTRE\GEL558 - MICROCONTROLLER\KEYPAD PROJECT\KEYPAD.1.1.ASM 235 : Using default destination of 1 (file).
Message[305] C:\USERS\CHARB\ONEDRIVE\DESKTOP\USEK\4-FOURTH YEAR (2024-2025)\SPRING SEMESTRE\GEL558 - MICROCONTROLLER\KEYPAD PROJECT\KEYPAD.1.1.ASM 306 : Using default destination of 1 (file).
Message[305] C:\USERS\CHARB\ONEDRIVE\DESKTOP\USEK\4-FOURTH YEAR (2024-2025)\SPRING SEMESTRE\GEL558 - MICROCONTROLLER\KEYPAD PROJECT\KEYPAD.1.1.ASM 376 : Using default destination of 1 (file).
Message[305] C:\USERS\CHARB\ONEDRIVE\DESKTOP\USEK\4-FOURTH YEAR (2024-2025)\SPRING SEMESTRE\GEL558 - MICROCONTROLLER\KEYPAD PROJECT\KEYPAD.1.1.ASM 445 : Using default destination of 1 (file).
Message[305] C:\USERS\CHARB\ONEDRIVE\DESKTOP\USEK\4-FOURTH YEAR (2024-2025)\SPRING SEMESTRE\GEL558 - MICROCONTROLLER\KEYPAD PROJECT\KEYPAD.1.1.ASM 514 : Using default destination of 1 (file).
Message[302] C:\USERS\CHARB\ONEDRIVE\DESKTOP\USEK\4-FOURTH YEAR (2024-2025)\SPRING SEMESTRE\GEL558 - MICROCONTROLLER\KEYPAD PROJECT\KEYPAD.1.1.ASM 588 : Register in operand not in bank 0.  Ensure that bank bits are correct.
Message[302] C:\USERS\CHARB\ONEDRIVE\DESKTOP\USEK\4-FOURTH YEAR (2024-2025)\SPRING SEMESTRE\GEL558 - MICROCONTROLLER\KEYPAD PROJECT\KEYPAD.1.1.ASM 589 : Register in operand not in bank 0.  Ensure that bank bits are correct.
Message[302] C:\USERS\CHARB\ONEDRIVE\DESKTOP\USEK\4-FOURTH YEAR (2024-2025)\SPRING SEMESTRE\GEL558 - MICROCONTROLLER\KEYPAD PROJECT\KEYPAD.1.1.ASM 590 : Register in operand not in bank 0.  Ensure that bank bits are correct.
Message[302] C:\USERS\CHARB\ONEDRIVE\DESKTOP\USEK\4-FOURTH YEAR (2024-2025)\SPRING SEMESTRE\GEL558 - MICROCONTROLLER\KEYPAD PROJECT\KEYPAD.1.1.ASM 591 : Register in operand not in bank 0.  Ensure that bank bits are correct.
Message[302] C:\USERS\CHARB\ONEDRIVE\DESKTOP\USEK\4-FOURTH YEAR (2024-2025)\SPRING SEMESTRE\GEL558 - MICROCONTROLLER\KEYPAD PROJECT\KEYPAD.1.1.ASM 592 : Register in operand not in bank 0.  Ensure that bank bits are correct.
Message[302] C:\USERS\CHARB\ONEDRIVE\DESKTOP\USEK\4-FOURTH YEAR (2024-2025)\SPRING SEMESTRE\GEL558 - MICROCONTROLLER\KEYPAD PROJECT\KEYPAD.1.1.ASM 594 : Register in operand not in bank 0.  Ensure that bank bits are correct.
Message[302] C:\USERS\CHARB\ONEDRIVE\DESKTOP\USEK\4-FOURTH YEAR (2024-2025)\SPRING SEMESTRE\GEL558 - MICROCONTROLLER\KEYPAD PROJECT\KEYPAD.1.1.ASM 596 : Register in operand not in bank 0.  Ensure that bank bits are correct.
Message[302] C:\USERS\CHARB\ONEDRIVE\DESKTOP\USEK\4-FOURTH YEAR (2024-2025)\SPRING SEMESTRE\GEL558 - MICROCONTROLLER\KEYPAD PROJECT\KEYPAD.1.1.ASM 598 : Register in operand not in bank 0.  Ensure that bank bits are correct.
Warning[207] C:\USERS\CHARB\ONEDRIVE\DESKTOP\USEK\4-FOURTH YEAR (2024-2025)\SPRING SEMESTRE\GEL558 - MICROCONTROLLER\KEYPAD PROJECT\KEYPAD.1.1.ASM 622 : Found label after column 1. (LOOP)
